<?xml version="1.0" encoding="UTF-8"?>
<!-- Generated by org.testng.reporters.JUnitReportReporter -->
<testsuite skipped="0" hostname="DESKTOP-VNQ4076" name="pruebas.verPolizaIndividualTest" tests="1" failures="0" timestamp="2021-01-29T14:42:49 ART" time="54.179" errors="0">
  <testcase name="verPoliza" time="54.179" classname="pruebas.verPolizaIndividualTest"/>
  <system-out/>
</testsuite> <!-- pruebas.verPolizaIndividualTest -->
