<?xml version="1.0" encoding="UTF-8"?>
<!-- Generated by org.testng.reporters.JUnitReportReporter -->
<testsuite skipped="0" hostname="DESKTOP-VNQ4076" name="pruebas.ImprimirCertificadoCoberturaPolizaColectivaTest" tests="1" failures="0" timestamp="2021-02-08T16:19:51 ART" time="43.673" errors="0">
  <testcase name="imprimirCertificadoCoberturaPoliza" time="43.673" classname="pruebas.ImprimirCertificadoCoberturaPolizaColectivaTest"/>
  <system-out/>
</testsuite> <!-- pruebas.ImprimirCertificadoCoberturaPolizaColectivaTest -->
