<?xml version="1.0" encoding="UTF-8"?>
<!-- Generated by org.testng.reporters.JUnitReportReporter -->
<testsuite skipped="0" hostname="DESKTOP-VNQ4076" name="pruebas.PolizaModificarActividadTest" tests="1" failures="0" timestamp="2021-01-19T11:19:50 ART" time="64.534" errors="0">
  <testcase name="modificarActividadLaboralPoliza" time="64.534" classname="pruebas.PolizaModificarActividadTest"/>
  <system-out/>
</testsuite> <!-- pruebas.PolizaModificarActividadTest -->
