<?xml version="1.0" encoding="UTF-8"?>
<!-- Generated by org.testng.reporters.JUnitReportReporter -->
<testsuite skipped="0" hostname="DESKTOP-VNQ4076" name="pruebas.AltaDeVidaPolizaColectivaTest" tests="1" failures="0" timestamp="2021-02-04T15:49:17 ART" time="52.685" errors="0">
  <testcase name="altaDeVidaPolizaColectiva" time="52.685" classname="pruebas.AltaDeVidaPolizaColectivaTest"/>
  <system-out/>
</testsuite> <!-- pruebas.AltaDeVidaPolizaColectivaTest -->
