<?xml version="1.0" encoding="UTF-8"?>
<!-- Generated by org.testng.reporters.JUnitReportReporter -->
<testsuite skipped="0" hostname="DESKTOP-VNQ4076" name="pruebas.VerHistorialRegistrosPolizaColectivaTest" tests="1" failures="0" timestamp="2021-02-09T14:02:28 ART" time="46.408" errors="0">
  <testcase name="verHistorialRegistrosPolizaColectiva" time="46.408" classname="pruebas.VerHistorialRegistrosPolizaColectivaTest"/>
  <system-out/>
</testsuite> <!-- pruebas.VerHistorialRegistrosPolizaColectivaTest -->
