<?xml version="1.0" encoding="UTF-8"?>
<!-- Generated by org.testng.reporters.JUnitReportReporter -->
<testsuite skipped="0" hostname="DESKTOP-VNQ4076" name="pruebas.modificarConductoPagoTomadorPortal" tests="1" failures="0" timestamp="2020-11-19T10:26:07 ART" time="79.306" errors="0">
  <testcase name="modificarConductoPagoTomador" time="79.306" classname="pruebas.modificarConductoPagoTomadorPortal"/>
  <system-out/>
</testsuite> <!-- pruebas.modificarConductoPagoTomadorPortal -->
