<?xml version="1.0" encoding="UTF-8"?>
<!-- Generated by org.testng.reporters.JUnitReportReporter -->
<testsuite skipped="0" hostname="DESKTOP-VNQ4076" name="pruebas.crearCotizacionColectLCTPortalTest" tests="2" failures="0" timestamp="2021-02-05T08:37:21 ART" time="65.336" errors="0">
  <testcase name="crearCotizacionColectivaLCT" time="33.651" classname="pruebas.crearCotizacionColectLCTPortalTest"/>
  <system-out/>
  <testcase name="crearCotizacionColectivaLCT" time="31.685" classname="pruebas.crearCotizacionColectLCTPortalTest"/>
  <system-out/>
</testsuite> <!-- pruebas.crearCotizacionColectLCTPortalTest -->
