<?xml version="1.0" encoding="UTF-8"?>
<!-- Generated by org.testng.reporters.JUnitReportReporter -->
<testsuite skipped="0" hostname="DESKTOP-VNQ4076" name="pruebas.PolizasModificarNombreAseguradoTest" tests="1" failures="0" timestamp="2021-01-20T15:59:41 ART" time="65.726" errors="0">
  <testcase name="modificarPNombreDocumentoAseguradoPoliza" time="65.726" classname="pruebas.PolizasModificarNombreAseguradoTest"/>
  <system-out/>
</testsuite> <!-- pruebas.PolizasModificarNombreAseguradoTest -->
