<?xml version="1.0" encoding="UTF-8"?>
<!-- Generated by org.testng.reporters.JUnitReportReporter -->
<testsuite skipped="0" hostname="DESKTOP-VNQ4076" name="pruebas.DescargarCertificadoSolicitudesTest" tests="1" failures="0" timestamp="2021-02-11T10:35:12 ART" time="34.521" errors="0">
  <testcase name="descargaCertificadoSolicitudes" time="34.521" classname="pruebas.DescargarCertificadoSolicitudesTest"/>
  <system-out/>
</testsuite> <!-- pruebas.DescargarCertificadoSolicitudesTest -->
