<?xml version="1.0" encoding="UTF-8"?>
<!-- Generated by org.testng.reporters.JUnitReportReporter -->
<testsuite skipped="0" hostname="DESKTOP-VNQ4076" name="pruebas.ImprimirCertificadoCoberturaPolizaColectivaTest" tests="1" failures="0" timestamp="2021-02-01T12:03:52 ART" time="41.257" errors="0">
  <testcase name="imprimirCertificadoCoberturaPoliza" time="41.257" classname="pruebas.ImprimirCertificadoCoberturaPolizaColectivaTest"/>
  <system-out/>
</testsuite> <!-- pruebas.ImprimirCertificadoCoberturaPolizaColectivaTest -->
