<?xml version="1.0" encoding="UTF-8"?>
<!-- Generated by org.testng.reporters.JUnitReportReporter -->
<testsuite skipped="0" hostname="DESKTOP-VNQ4076" name="pruebas.polizaDescargaEndosoTest" tests="1" failures="0" timestamp="2021-02-08T16:54:32 ART" time="71.266" errors="0">
  <testcase name="polizaDescargaEndoso" time="71.266" classname="pruebas.polizaDescargaEndosoTest"/>
  <system-out/>
</testsuite> <!-- pruebas.polizaDescargaEndosoTest -->
