<?xml version="1.0" encoding="UTF-8"?>
<!-- Generated by org.testng.reporters.JUnitReportReporter -->
<testsuite skipped="0" hostname="DESKTOP-VNQ4076" name="pruebas.DescargaEndososPolizaColectivaTest" tests="1" failures="0" timestamp="2021-02-05T08:43:59 ART" time="50.216" errors="0">
  <testcase name="descargarEndososPoliza" time="50.216" classname="pruebas.DescargaEndososPolizaColectivaTest"/>
  <system-out/>
</testsuite> <!-- pruebas.DescargaEndososPolizaColectivaTest -->
