<?xml version="1.0" encoding="UTF-8"?>
<!-- Generated by org.testng.reporters.JUnitReportReporter -->
<testsuite skipped="0" hostname="DESKTOP-VNQ4076" name="pruebas.DescargaEndososPolizaColectivaTest" tests="1" failures="0" timestamp="2021-02-01T14:25:04 ART" time="54.231" errors="0">
  <testcase name="descargarEndososPoliza" time="54.231" classname="pruebas.DescargaEndososPolizaColectivaTest"/>
  <system-out/>
</testsuite> <!-- pruebas.DescargaEndososPolizaColectivaTest -->
