<?xml version="1.0" encoding="UTF-8"?>
<!-- Generated by org.testng.reporters.JUnitReportReporter -->
<testsuite skipped="0" hostname="DESKTOP-VNQ4076" name="pruebas.CrearCotizacionTresorTest" tests="1" failures="0" timestamp="2020-12-14T14:53:00 ART" time="37.907" errors="0">
  <testcase name="crearCotizacionTresor" time="37.907" classname="pruebas.CrearCotizacionTresorTest"/>
  <system-out/>
</testsuite> <!-- pruebas.CrearCotizacionTresorTest -->
