<?xml version="1.0" encoding="UTF-8"?>
<!-- Generated by org.testng.reporters.JUnitReportReporter -->
<testsuite skipped="0" hostname="DESKTOP-VNQ4076" name="pruebas.crearCotizacionColectLCTPortalTest" tests="2" failures="0" timestamp="2020-12-17T10:54:01 ART" time="62.691" errors="0">
  <testcase name="crearCotizacionColectivaLCT" time="31.011" classname="pruebas.crearCotizacionColectLCTPortalTest"/>
  <system-out/>
  <testcase name="crearCotizacionColectivaLCT" time="31.680" classname="pruebas.crearCotizacionColectLCTPortalTest"/>
  <system-out/>
</testsuite> <!-- pruebas.crearCotizacionColectLCTPortalTest -->
