<?xml version="1.0" encoding="UTF-8"?>
<!-- Generated by org.testng.reporters.JUnitReportReporter -->
<testsuite skipped="0" hostname="DESKTOP-VNQ4076" name="pruebas.ConsultaPolizaIndividualTest" tests="5" failures="0" timestamp="2021-01-15T16:19:07 ART" time="155.737" errors="0">
  <testcase name="consultaPolizaIndividual" time="30.680" classname="pruebas.ConsultaPolizaIndividualTest"/>
  <system-out/>
  <testcase name="consultaPolizaIndividual" time="30.862" classname="pruebas.ConsultaPolizaIndividualTest"/>
  <system-out/>
  <testcase name="consultaPolizaIndividual" time="32.426" classname="pruebas.ConsultaPolizaIndividualTest"/>
  <system-out/>
  <testcase name="consultaPolizaIndividual" time="31.071" classname="pruebas.ConsultaPolizaIndividualTest"/>
  <system-out/>
  <testcase name="consultaPolizaIndividual" time="30.698" classname="pruebas.ConsultaPolizaIndividualTest"/>
  <system-out/>
</testsuite> <!-- pruebas.ConsultaPolizaIndividualTest -->
