<?xml version="1.0" encoding="UTF-8"?>
<!-- Generated by org.testng.reporters.JUnitReportReporter -->
<testsuite skipped="0" hostname="DESKTOP-VNQ4076" name="pruebas.modificarDomicilioTomadorPortal" tests="2" failures="0" timestamp="2021-02-04T12:42:11 ART" time="146.654" errors="0">
  <testcase name="modificarDomicilioTomador" time="72.889" classname="pruebas.modificarDomicilioTomadorPortal"/>
  <system-out/>
  <testcase name="modificarDomicilioTomador" time="73.765" classname="pruebas.modificarDomicilioTomadorPortal"/>
  <system-out/>
</testsuite> <!-- pruebas.modificarDomicilioTomadorPortal -->
