<?xml version="1.0" encoding="UTF-8"?>
<!-- Generated by org.testng.reporters.JUnitReportReporter -->
<testsuite skipped="0" hostname="DESKTOP-VNQ4076" name="pruebas.ConsultaCotizacionesPortalTest" tests="1" failures="0" timestamp="2021-02-11T09:59:44 ART" time="29.844" errors="0">
  <testcase name="consultarCotizaciones" time="29.844" classname="pruebas.ConsultaCotizacionesPortalTest"/>
  <system-out/>
</testsuite> <!-- pruebas.ConsultaCotizacionesPortalTest -->
