<?xml version="1.0" encoding="UTF-8"?>
<!-- Generated by org.testng.reporters.JUnitReportReporter -->
<testsuite skipped="0" hostname="DESKTOP-VNQ4076" name="pruebas.PolizaModificarPrimaTest" tests="1" failures="0" timestamp="2021-02-10T11:29:19 ART" time="118.758" errors="0">
  <testcase name="modificarIncrementoDisminucionPrima" time="118.758" classname="pruebas.PolizaModificarPrimaTest"/>
  <system-out/>
</testsuite> <!-- pruebas.PolizaModificarPrimaTest -->
