<?xml version="1.0" encoding="UTF-8"?>
<!-- Generated by org.testng.reporters.JUnitReportReporter -->
<testsuite skipped="0" hostname="DESKTOP-VNQ4076" name="pruebas.modificarNombreDNITomadorPoliza" tests="1" failures="0" timestamp="2021-01-29T14:02:23 ART" time="64.658" errors="0">
  <testcase name="modificarPNombreDocumentoTomadorPoliza" time="64.658" classname="pruebas.modificarNombreDNITomadorPoliza"/>
  <system-out/>
</testsuite> <!-- pruebas.modificarNombreDNITomadorPoliza -->
