<?xml version="1.0" encoding="UTF-8"?>
<!-- Generated by org.testng.reporters.JUnitReportReporter -->
<testsuite skipped="0" hostname="DESKTOP-VNQ4076" name="pruebas.DescargarCotizacionesPortalTest" tests="1" failures="0" timestamp="2020-12-01T15:02:03 ART" time="33.539" errors="0">
  <testcase name="descargarCotizaciones" time="33.539" classname="pruebas.DescargarCotizacionesPortalTest"/>
  <system-out/>
</testsuite> <!-- pruebas.DescargarCotizacionesPortalTest -->
