<?xml version="1.0" encoding="UTF-8"?>
<!-- Generated by org.testng.reporters.JUnitReportReporter -->
<testsuite skipped="0" hostname="DESKTOP-VNQ4076" name="pruebas.ExcluirCotizacionTest" tests="1" failures="0" timestamp="2020-12-14T15:34:56 ART" time="18.657" errors="0">
  <testcase name="excluirCotizacion" time="18.657" classname="pruebas.ExcluirCotizacionTest"/>
  <system-out/>
</testsuite> <!-- pruebas.ExcluirCotizacionTest -->
