<?xml version="1.0" encoding="UTF-8"?>
<!-- Generated by org.testng.reporters.JUnitReportReporter -->
<testsuite skipped="0" hostname="DESKTOP-VNQ4076" name="pruebas.DescargarCertificadoSolicitudesTest" tests="1" failures="0" timestamp="2020-12-21T10:59:34 ART" time="33.603" errors="0">
  <testcase name="descargaCertificadoSolicitudes" time="33.603" classname="pruebas.DescargarCertificadoSolicitudesTest"/>
  <system-out/>
</testsuite> <!-- pruebas.DescargarCertificadoSolicitudesTest -->
