<?xml version="1.0" encoding="UTF-8"?>
<!-- Generated by org.testng.reporters.JUnitReportReporter -->
<testsuite skipped="0" hostname="DESKTOP-VNQ4076" name="pruebas.ImprimirPolizaIndividualTest" tests="1" failures="0" timestamp="2021-02-10T11:53:43 ART" time="86.901" errors="0">
  <testcase name="imprimirPoliza" time="86.901" classname="pruebas.ImprimirPolizaIndividualTest"/>
  <system-out/>
</testsuite> <!-- pruebas.ImprimirPolizaIndividualTest -->
