<?xml version="1.0" encoding="UTF-8"?>
<!-- Generated by org.testng.reporters.JUnitReportReporter -->
<testsuite skipped="0" hostname="DESKTOP-VNQ4076" name="pruebas.modificarNombreDNITomadorPoliza" tests="2" failures="0" timestamp="2021-02-04T12:38:17 ART" time="130.928" errors="0">
  <testcase name="modificarPNombreDocumentoTomadorPoliza" time="66.112" classname="pruebas.modificarNombreDNITomadorPoliza"/>
  <system-out/>
  <testcase name="modificarPNombreDocumentoTomadorPoliza" time="64.816" classname="pruebas.modificarNombreDNITomadorPoliza"/>
  <system-out/>
</testsuite> <!-- pruebas.modificarNombreDNITomadorPoliza -->
