<?xml version="1.0" encoding="UTF-8"?>
<!-- Generated by org.testng.reporters.JUnitReportReporter -->
<testsuite skipped="0" hostname="DESKTOP-VNQ4076" name="pruebas.buscarPolizaPortal" tests="4" failures="0" timestamp="2021-02-04T16:24:23 ART" time="82.898" errors="0">
  <testcase name="buscarPoliza" time="20.828" classname="pruebas.buscarPolizaPortal"/>
  <system-out/>
  <testcase name="buscarPoliza" time="20.412" classname="pruebas.buscarPolizaPortal"/>
  <system-out/>
  <testcase name="buscarPoliza" time="20.331" classname="pruebas.buscarPolizaPortal"/>
  <system-out/>
  <testcase name="buscarPoliza" time="21.327" classname="pruebas.buscarPolizaPortal"/>
  <system-out/>
</testsuite> <!-- pruebas.buscarPolizaPortal -->
