<?xml version="1.0" encoding="UTF-8"?>
<!-- Generated by org.testng.reporters.JUnitReportReporter -->
<testsuite skipped="0" hostname="DESKTOP-VNQ4076" name="pruebas.AgregarSolicitudVCTest" tests="1" failures="0" timestamp="2021-02-11T09:46:13 ART" time="42.066" errors="0">
  <testcase name="agregarVC" time="42.066" classname="pruebas.AgregarSolicitudVCTest"/>
  <system-out/>
</testsuite> <!-- pruebas.AgregarSolicitudVCTest -->
