<?xml version="1.0" encoding="UTF-8"?>
<!-- Generated by org.testng.reporters.JUnitReportReporter -->
<testsuite skipped="0" hostname="DESKTOP-VNQ4076" name="pruebas.CrearCotizacionConfianceTest" tests="1" failures="0" timestamp="2020-12-14T11:34:46 ART" time="39.505" errors="0">
  <testcase name="crearCotizacionConfiance" time="39.505" classname="pruebas.CrearCotizacionConfianceTest"/>
  <system-out/>
</testsuite> <!-- pruebas.CrearCotizacionConfianceTest -->
