<?xml version="1.0" encoding="UTF-8"?>
<!-- Generated by org.testng.reporters.JUnitReportReporter -->
<testsuite skipped="0" hostname="DESKTOP-VNQ4076" name="pruebas.ImprimirLibreDeudaPolizaColectivaTest" tests="1" failures="0" timestamp="2021-02-01T09:57:10 ART" time="32.675" errors="0">
  <testcase name="imprimirLibreDeudaPoliza" time="32.675" classname="pruebas.ImprimirLibreDeudaPolizaColectivaTest"/>
  <system-out/>
</testsuite> <!-- pruebas.ImprimirLibreDeudaPolizaColectivaTest -->
