<?xml version="1.0" encoding="UTF-8"?>
<!-- Generated by org.testng.reporters.JUnitReportReporter -->
<testsuite skipped="0" hostname="DESKTOP-VNQ4076" name="pruebas.PolizaModificarActividadTest" tests="1" failures="0" timestamp="2021-02-09T09:47:18 ART" time="128.629" errors="0">
  <testcase name="modificarActividadLaboralPoliza" time="128.629" classname="pruebas.PolizaModificarActividadTest"/>
  <system-out/>
</testsuite> <!-- pruebas.PolizaModificarActividadTest -->
