<?xml version="1.0" encoding="UTF-8"?>
<!-- Generated by org.testng.reporters.JUnitReportReporter -->
<testsuite skipped="0" hostname="DESKTOP-VNQ4076" name="pruebas.CrearCotizacionCNPVie" tests="1" failures="0" timestamp="2021-02-05T08:28:53 ART" time="41.855" errors="0">
  <testcase name="crearCotizacionCNPVie" time="41.855" classname="pruebas.CrearCotizacionCNPVie"/>
  <system-out/>
</testsuite> <!-- pruebas.CrearCotizacionCNPVie -->
