<?xml version="1.0" encoding="UTF-8"?>
<!-- Generated by org.testng.reporters.JUnitReportReporter -->
<testsuite skipped="0" hostname="DESKTOP-VNQ4076" name="pruebas.AprobarSolicitudEndosoPolizaIndividualTest" tests="1" failures="0" timestamp="2021-01-29T15:09:11 ART" time="61.210" errors="0">
  <testcase name="aprobarSolicitudEndoso" time="61.210" classname="pruebas.AprobarSolicitudEndosoPolizaIndividualTest"/>
  <system-out/>
</testsuite> <!-- pruebas.AprobarSolicitudEndosoPolizaIndividualTest -->
