<?xml version="1.0" encoding="UTF-8"?>
<!-- Generated by org.testng.reporters.JUnitReportReporter -->
<testsuite skipped="0" hostname="DESKTOP-VNQ4076" name="pruebas.PortalProductoresTest" tests="1" failures="0" timestamp="2021-02-09T11:41:37 ART" time="23.660" errors="0">
  <testcase name="consultaCierresComisiones" time="23.660" classname="pruebas.PortalProductoresTest"/>
  <system-out/>
</testsuite> <!-- pruebas.PortalProductoresTest -->
