<?xml version="1.0" encoding="UTF-8"?>
<!-- Generated by org.testng.reporters.JUnitReportReporter -->
<testsuite skipped="0" hostname="DESKTOP-VNQ4076" name="pruebas.PolizaModificarBeneficiarioAseguradoTest" tests="1" failures="0" timestamp="2021-01-19T16:25:11 ART" time="68.382" errors="0">
  <testcase name="modificarBeneficiarioAseguradoPoliza" time="68.382" classname="pruebas.PolizaModificarBeneficiarioAseguradoTest"/>
  <system-out/>
</testsuite> <!-- pruebas.PolizaModificarBeneficiarioAseguradoTest -->
