<?xml version="1.0" encoding="UTF-8"?>
<!-- Generated by org.testng.reporters.JUnitReportReporter -->
<testsuite skipped="0" hostname="DESKTOP-VNQ4076" name="pruebas.modificarDomicilioTomadorPortal" tests="1" failures="0" timestamp="2020-11-19T10:19:54 ART" time="87.287" errors="0">
  <testcase name="modificarDomicilioTomador" time="87.287" classname="pruebas.modificarDomicilioTomadorPortal"/>
  <system-out/>
</testsuite> <!-- pruebas.modificarDomicilioTomadorPortal -->
