<?xml version="1.0" encoding="UTF-8"?>
<!-- Generated by org.testng.reporters.JUnitReportReporter -->
<testsuite skipped="0" hostname="DESKTOP-VNQ4076" name="pruebas.CrearCotizacionAccidentePersonalTest" tests="4" failures="0" timestamp="2020-12-14T12:20:37 ART" time="183.770" errors="0">
  <testcase name="crearCotizacionAccidente" time="47.103" classname="pruebas.CrearCotizacionAccidentePersonalTest"/>
  <system-out/>
  <testcase name="crearCotizacionAccidente" time="45.424" classname="pruebas.CrearCotizacionAccidentePersonalTest"/>
  <system-out/>
  <testcase name="crearCotizacionAccidente" time="45.859" classname="pruebas.CrearCotizacionAccidentePersonalTest"/>
  <system-out/>
  <testcase name="crearCotizacionAccidente" time="45.384" classname="pruebas.CrearCotizacionAccidentePersonalTest"/>
  <system-out/>
</testsuite> <!-- pruebas.CrearCotizacionAccidentePersonalTest -->
