<?xml version="1.0" encoding="UTF-8"?>
<!-- Generated by org.testng.reporters.JUnitReportReporter -->
<testsuite skipped="0" hostname="DESKTOP-VNQ4076" name="pruebas.polizaDescargaEndosoTest" tests="1" failures="0" timestamp="2021-01-18T09:31:15 ART" time="71.683" errors="0">
  <testcase name="polizaDescargaEndoso" time="71.683" classname="pruebas.polizaDescargaEndosoTest"/>
  <system-out/>
</testsuite> <!-- pruebas.polizaDescargaEndosoTest -->
