<?xml version="1.0" encoding="UTF-8"?>
<!-- Generated by org.testng.reporters.JUnitReportReporter -->
<testsuite skipped="0" hostname="DESKTOP-VNQ4076" name="pruebas.ConsultaComisionesTest" tests="1" failures="0" timestamp="2021-02-08T14:57:04 ART" time="25.669" errors="0">
  <testcase name="consultaCierresComisiones" time="25.669" classname="pruebas.ConsultaComisionesTest"/>
  <system-out/>
</testsuite> <!-- pruebas.ConsultaComisionesTest -->
