<?xml version="1.0" encoding="UTF-8"?>
<!-- Generated by org.testng.reporters.JUnitReportReporter -->
<testsuite skipped="0" hostname="DESKTOP-VNQ4076" name="pruebas.CrearCotizacionTresorTest" tests="1" failures="0" timestamp="2021-02-05T08:41:01 ART" time="38.240" errors="0">
  <testcase name="crearCotizacionTresor" time="38.240" classname="pruebas.CrearCotizacionTresorTest"/>
  <system-out/>
</testsuite> <!-- pruebas.CrearCotizacionTresorTest -->
