<?xml version="1.0" encoding="UTF-8"?>
<!-- Generated by org.testng.reporters.JUnitReportReporter -->
<testsuite skipped="0" hostname="DESKTOP-VNQ4076" name="pruebas.PolizasModificarNombreAseguradoTest" tests="1" failures="0" timestamp="2021-02-09T11:29:30 ART" time="93.657" errors="0">
  <testcase name="modificarPNombreDocumentoAseguradoPoliza" time="93.657" classname="pruebas.PolizasModificarNombreAseguradoTest"/>
  <system-out/>
</testsuite> <!-- pruebas.PolizasModificarNombreAseguradoTest -->
