<?xml version="1.0" encoding="UTF-8"?>
<!-- Generated by org.testng.reporters.JUnitReportReporter -->
<testsuite skipped="0" hostname="DESKTOP-VNQ4076" name="pruebas.ConsultarSolicitudesTest" tests="1" failures="0" timestamp="2021-02-11T10:09:09 ART" time="20.847" errors="0">
  <testcase name="consultarSolicitudes" time="20.847" classname="pruebas.ConsultarSolicitudesTest"/>
  <system-out/>
</testsuite> <!-- pruebas.ConsultarSolicitudesTest -->
