<?xml version="1.0" encoding="UTF-8"?>
<!-- Generated by org.testng.reporters.JUnitReportReporter -->
<testsuite skipped="0" hostname="DESKTOP-VNQ4076" name="pruebas.VerHistorialRegistrosPolizaColectivaTest" tests="1" failures="0" timestamp="2021-02-01T14:29:42 ART" time="29.896" errors="0">
  <testcase name="verHistorialRegistrosPolizaColectiva" time="29.896" classname="pruebas.VerHistorialRegistrosPolizaColectivaTest"/>
  <system-out/>
</testsuite> <!-- pruebas.VerHistorialRegistrosPolizaColectivaTest -->
