<?xml version="1.0" encoding="UTF-8"?>
<!-- Generated by org.testng.reporters.JUnitReportReporter -->
<testsuite skipped="0" hostname="DESKTOP-VNQ4076" name="pruebas.DescargarCotizacionesPortalTest" tests="1" failures="0" timestamp="2021-02-11T10:50:40 ART" time="29.032" errors="0">
  <testcase name="descargarCotizaciones" time="29.032" classname="pruebas.DescargarCotizacionesPortalTest"/>
  <system-out/>
</testsuite> <!-- pruebas.DescargarCotizacionesPortalTest -->
