<?xml version="1.0" encoding="UTF-8"?>
<!-- Generated by org.testng.reporters.JUnitReportReporter -->
<testsuite skipped="0" hostname="DESKTOP-VNQ4076" name="pruebas.modificaNombreDNIAseguradoPoliza" tests="1" failures="0" timestamp="2021-01-29T13:55:40 ART" time="62.384" errors="0">
  <testcase name="modificarPNombreDocumentoAseguradoPoliza" time="62.384" classname="pruebas.modificaNombreDNIAseguradoPoliza"/>
  <system-out/>
</testsuite> <!-- pruebas.modificaNombreDNIAseguradoPoliza -->
