<?xml version="1.0" encoding="UTF-8"?>
<!-- Generated by org.testng.reporters.JUnitReportReporter -->
<testsuite skipped="0" hostname="DESKTOP-VNQ4076" name="pruebas.AgregarSolicitudVCTest" tests="1" failures="0" timestamp="2020-12-30T10:30:34 ART" time="39.745" errors="0">
  <testcase name="agregarVC" time="39.745" classname="pruebas.AgregarSolicitudVCTest"/>
  <system-out/>
</testsuite> <!-- pruebas.AgregarSolicitudVCTest -->
