<?xml version="1.0" encoding="UTF-8"?>
<!-- Generated by org.testng.reporters.JUnitReportReporter -->
<testsuite skipped="0" hostname="DESKTOP-VNQ4076" name="pruebas.VerConstanciaCoberturaPolizaColectivaTest" tests="1" failures="0" timestamp="2021-02-09T12:11:13 ART" time="42.513" errors="0">
  <testcase name="verConstanciaCoberturaPolizaColectiva" time="42.513" classname="pruebas.VerConstanciaCoberturaPolizaColectivaTest"/>
  <system-out/>
</testsuite> <!-- pruebas.VerConstanciaCoberturaPolizaColectivaTest -->
