<?xml version="1.0" encoding="UTF-8"?>
<!-- Generated by org.testng.reporters.JUnitReportReporter -->
<testsuite skipped="0" hostname="DESKTOP-VNQ4076" name="pruebas.ModificarSolicitudVCTest" tests="1" failures="0" timestamp="2021-02-11T11:30:40 ART" time="46.830" errors="0">
  <testcase name="modificarVC" time="46.830" classname="pruebas.ModificarSolicitudVCTest"/>
  <system-out/>
</testsuite> <!-- pruebas.ModificarSolicitudVCTest -->
