<?xml version="1.0" encoding="UTF-8"?>
<!-- Generated by org.testng.reporters.JUnitReportReporter -->
<testsuite skipped="0" hostname="DESKTOP-VNQ4076" name="pruebas.VerHistorialEndosoPolizaTest" tests="1" failures="0" timestamp="2021-02-09T13:18:51 ART" time="87.009" errors="0">
  <testcase name="verHistorialEndosoPoliza" time="87.009" classname="pruebas.VerHistorialEndosoPolizaTest"/>
  <system-out/>
</testsuite> <!-- pruebas.VerHistorialEndosoPolizaTest -->
