<?xml version="1.0" encoding="UTF-8"?>
<!-- Generated by org.testng.reporters.JUnitReportReporter -->
<testsuite skipped="0" hostname="DESKTOP-VNQ4076" name="pruebas.ImprimirLibreDeudaPolizaColectivaTest" tests="1" failures="0" timestamp="2021-02-08T16:23:19 ART" time="33.736" errors="0">
  <testcase name="imprimirLibreDeudaPoliza" time="33.736" classname="pruebas.ImprimirLibreDeudaPolizaColectivaTest"/>
  <system-out/>
</testsuite> <!-- pruebas.ImprimirLibreDeudaPolizaColectivaTest -->
