<?xml version="1.0" encoding="UTF-8"?>
<!-- Generated by org.testng.reporters.JUnitReportReporter -->
<testsuite skipped="0" hostname="DESKTOP-VNQ4076" name="pruebas.AgregarSolicitudAPTest" tests="1" failures="0" timestamp="2020-12-29T12:18:16 ART" time="37.637" errors="0">
  <testcase name="agregarAP" time="37.637" classname="pruebas.AgregarSolicitudAPTest"/>
  <system-out/>
</testsuite> <!-- pruebas.AgregarSolicitudAPTest -->
