<?xml version="1.0" encoding="UTF-8"?>
<!-- Generated by org.testng.reporters.JUnitReportReporter -->
<testsuite skipped="0" hostname="DESKTOP-VNQ4076" name="pruebas.PolizaDescargaEstadoCuentaTest" tests="1" failures="0" timestamp="2021-02-09T09:40:08 ART" time="74.145" errors="0">
  <testcase name="polizaDescargaEstadoCuenta" time="74.145" classname="pruebas.PolizaDescargaEstadoCuentaTest"/>
  <system-out/>
</testsuite> <!-- pruebas.PolizaDescargaEstadoCuentaTest -->
