<?xml version="1.0" encoding="UTF-8"?>
<!-- Generated by org.testng.reporters.JUnitReportReporter -->
<testsuite skipped="0" hostname="DESKTOP-VNQ4076" name="pruebas.modificarConductoPagoTomadorPortal" tests="2" failures="0" timestamp="2021-02-11T10:38:31 ART" time="132.763" errors="0">
  <testcase name="modificarConductoPagoTomador" time="65.657" classname="pruebas.modificarConductoPagoTomadorPortal"/>
  <system-out/>
  <testcase name="modificarConductoPagoTomador" time="67.106" classname="pruebas.modificarConductoPagoTomadorPortal"/>
  <system-out/>
</testsuite> <!-- pruebas.modificarConductoPagoTomadorPortal -->
