<?xml version="1.0" encoding="UTF-8"?>
<!-- Generated by org.testng.reporters.JUnitReportReporter -->
<testsuite skipped="0" hostname="DESKTOP-VNQ4076" name="pruebas.ImprimirPolizaIndividualTest" tests="1" failures="0" timestamp="2021-01-29T14:12:34 ART" time="54.763" errors="0">
  <testcase name="imprimirPoliza" time="54.763" classname="pruebas.ImprimirPolizaIndividualTest"/>
  <system-out/>
</testsuite> <!-- pruebas.ImprimirPolizaIndividualTest -->
