<?xml version="1.0" encoding="UTF-8"?>
<!-- Generated by org.testng.reporters.JUnitReportReporter -->
<testsuite skipped="0" hostname="DESKTOP-VNQ4076" name="pruebas.BajaDeVidaPolizaColectivaTest" tests="1" failures="0" timestamp="2021-02-04T16:22:00 ART" time="52.382" errors="0">
  <testcase name="bajaDeVidaPolizaColectiva" time="52.382" classname="pruebas.BajaDeVidaPolizaColectivaTest"/>
  <system-out/>
</testsuite> <!-- pruebas.BajaDeVidaPolizaColectivaTest -->
