<?xml version="1.0" encoding="UTF-8"?>
<!-- Generated by org.testng.reporters.JUnitReportReporter -->
<testsuite skipped="0" hostname="DESKTOP-VNQ4076" name="pruebas.PortalProductoresTest" tests="1" failures="0" timestamp="2021-01-29T09:01:57 ART" time="30.348" errors="0">
  <testcase name="verHistorialRegistrosPolizaColectiva" time="30.348" classname="pruebas.PortalProductoresTest"/>
  <system-out/>
</testsuite> <!-- pruebas.PortalProductoresTest -->
