<?xml version="1.0" encoding="UTF-8"?>
<!-- Generated by org.testng.reporters.JUnitReportReporter -->
<testsuite skipped="0" hostname="DESKTOP-VNQ4076" name="pruebas.crearCotizacionColectCMPortal" tests="2" failures="0" timestamp="2020-12-11T10:48:52 ART" time="70.633" errors="0">
  <testcase name="crearCotizacionColectivaCM" time="34.287" classname="pruebas.crearCotizacionColectCMPortal"/>
  <system-out/>
  <testcase name="crearCotizacionColectivaCM" time="36.346" classname="pruebas.crearCotizacionColectCMPortal"/>
  <system-out/>
</testsuite> <!-- pruebas.crearCotizacionColectCMPortal -->
