<?xml version="1.0" encoding="UTF-8"?>
<!-- Generated by org.testng.reporters.JUnitReportReporter -->
<testsuite skipped="0" hostname="DESKTOP-VNQ4076" name="pruebas.VerPolizaColectivaGeneralTest" tests="4" failures="0" timestamp="2021-02-01T09:38:53 ART" time="186.467" errors="0">
  <testcase name="verPolizaColectivaGeneral" time="80.947" classname="pruebas.VerPolizaColectivaGeneralTest"/>
  <system-out/>
  <testcase name="verPolizaColectivaGeneral" time="36.220" classname="pruebas.VerPolizaColectivaGeneralTest"/>
  <system-out/>
  <testcase name="verPolizaColectivaGeneral" time="35.033" classname="pruebas.VerPolizaColectivaGeneralTest"/>
  <system-out/>
  <testcase name="verPolizaColectivaGeneral" time="34.267" classname="pruebas.VerPolizaColectivaGeneralTest"/>
  <system-out/>
</testsuite> <!-- pruebas.VerPolizaColectivaGeneralTest -->
