<?xml version="1.0" encoding="UTF-8"?>
<!-- Generated by org.testng.reporters.JUnitReportReporter -->
<testsuite skipped="0" hostname="DESKTOP-VNQ4076" name="pruebas.CrearCotizacionCNPVie" tests="1" failures="0" timestamp="2020-12-17T09:58:24 ART" time="44.779" errors="0">
  <testcase name="crearCotizacionCNPVie" time="44.779" classname="pruebas.CrearCotizacionCNPVie"/>
  <system-out/>
</testsuite> <!-- pruebas.CrearCotizacionCNPVie -->
