<?xml version="1.0" encoding="UTF-8"?>
<!-- Generated by org.testng.reporters.JUnitReportReporter -->
<testsuite skipped="0" hostname="DESKTOP-VNQ4076" name="pruebas.ModificarSolicitudAPTest" tests="1" failures="0" timestamp="2020-12-23T10:15:00 ART" time="49.575" errors="0">
  <testcase name="modificarAP" time="49.575" classname="pruebas.ModificarSolicitudAPTest"/>
  <system-out/>
</testsuite> <!-- pruebas.ModificarSolicitudAPTest -->
