<?xml version="1.0" encoding="UTF-8"?>
<!-- Generated by org.testng.reporters.JUnitReportReporter -->
<testsuite skipped="0" hostname="DESKTOP-VNQ4076" name="pruebas.CrearCotizacionConfianceTest" tests="1" failures="0" timestamp="2021-02-05T08:39:48 ART" time="38.526" errors="0">
  <testcase name="crearCotizacionConfiance" time="38.526" classname="pruebas.CrearCotizacionConfianceTest"/>
  <system-out/>
</testsuite> <!-- pruebas.CrearCotizacionConfianceTest -->
