<?xml version="1.0" encoding="UTF-8"?>
<!-- Generated by org.testng.reporters.JUnitReportReporter -->
<testsuite skipped="0" hostname="DESKTOP-VNQ4076" name="pruebas.PolizaModificarPrimaTest" tests="1" failures="0" timestamp="2021-01-18T14:06:34 ART" time="62.277" errors="0">
  <testcase name="modificarIncrementoDisminucionPrima" time="62.277" classname="pruebas.PolizaModificarPrimaTest"/>
  <system-out/>
</testsuite> <!-- pruebas.PolizaModificarPrimaTest -->
