<?xml version="1.0" encoding="UTF-8"?>
<!-- Generated by org.testng.reporters.JUnitReportReporter -->
<testsuite skipped="0" hostname="DESKTOP-VNQ4076" name="pruebas.verPolizaIndividualTest" tests="1" failures="0" timestamp="2021-02-09T15:49:56 ART" time="71.954" errors="0">
  <testcase name="verPoliza" time="71.954" classname="pruebas.verPolizaIndividualTest"/>
  <system-out/>
</testsuite> <!-- pruebas.verPolizaIndividualTest -->
