<?xml version="1.0" encoding="UTF-8"?>
<!-- Generated by org.testng.reporters.JUnitReportReporter -->
<testsuite skipped="0" hostname="DESKTOP-VNQ4076" name="pruebas.EnviarSolicitudTest" tests="1" failures="0" timestamp="2021-01-07T14:39:04 ART" time="34.083" errors="0">
  <testcase name="enviarSolicitudes" time="34.083" classname="pruebas.EnviarSolicitudTest"/>
  <system-out/>
</testsuite> <!-- pruebas.EnviarSolicitudTest -->
