<?xml version="1.0" encoding="UTF-8"?>
<!-- Generated by org.testng.reporters.JUnitReportReporter -->
<testsuite skipped="0" hostname="DESKTOP-VNQ4076" name="pruebas.buscarPolizaPortal" tests="4" failures="0" timestamp="2020-11-19T09:44:19 ART" time="83.951" errors="0">
  <testcase name="buscarPoliza" time="21.311" classname="pruebas.buscarPolizaPortal"/>
  <system-out/>
  <testcase name="buscarPoliza" time="21.560" classname="pruebas.buscarPolizaPortal"/>
  <system-out/>
  <testcase name="buscarPoliza" time="20.508" classname="pruebas.buscarPolizaPortal"/>
  <system-out/>
  <testcase name="buscarPoliza" time="20.572" classname="pruebas.buscarPolizaPortal"/>
  <system-out/>
</testsuite> <!-- pruebas.buscarPolizaPortal -->
