<?xml version="1.0" encoding="UTF-8"?>
<!-- Generated by org.testng.reporters.JUnitReportReporter -->
<testsuite skipped="0" hostname="DESKTOP-VNQ4076" name="pruebas.ExcluirCotizacionTest" tests="1" failures="0" timestamp="2021-02-08T16:17:09 ART" time="18.227" errors="0">
  <testcase name="excluirCotizacion" time="18.227" classname="pruebas.ExcluirCotizacionTest"/>
  <system-out/>
</testsuite> <!-- pruebas.ExcluirCotizacionTest -->
